<?xml version="1.0" encoding="UTF-8"?>
<!-- Generated by org.testng.reporters.JUnitReportReporter -->
<testsuite skipped="0" hostname="varshitha-ThinkPad-L450" name="demo.app.demo.app.BackendTest" tests="3" failures="0" timestamp="29 Aug 2019 06:04:31 GMT" time="0.029" errors="0">
  <testcase name="test" time="0.021" classname="demo.app.demo.app.BackendTest"/>
  <testcase name="gettitle" time="0.003" classname="demo.app.demo.app.BackendTest"/>
  <testcase name="getsingledata" time="0.005" classname="demo.app.demo.app.BackendTest"/>
</testsuite> <!-- demo.app.demo.app.BackendTest -->
