<?xml version="1.0" encoding="UTF-8"?>
<!-- Generated by org.testng.reporters.JUnitReportReporter -->
<testsuite skipped="0" hostname="varshitha-ThinkPad-L450" name="demo.app.demo.app.IndexTest" tests="4" failures="0" timestamp="28 Aug 2019 13:06:46 GMT" time="7.585" errors="0">
  <testcase name="testTitle" time="2.093" classname="demo.app.demo.app.IndexTest"/>
  <testcase name="createBlogger" time="1.719" classname="demo.app.demo.app.IndexTest"/>
  <testcase name="editBlogger" time="1.658" classname="demo.app.demo.app.IndexTest"/>
  <testcase name="deleteBlogger" time="2.115" classname="demo.app.demo.app.IndexTest"/>
</testsuite> <!-- demo.app.demo.app.IndexTest -->
